[191.152572632] 2018-08-27 07:51:27,821 - INFO - launcher: Starting sanity checks
[192.077875137] 2018-08-27 07:51:27,822 - INFO - launcher: Checking for Python 3.5+
[192.077875137] 2018-08-27 07:51:27,822 - INFO - launcher: Checking console encoding
[192.077875137] 2018-08-27 07:51:27,822 - INFO - launcher: Setting console encoding to UTF-8
[192.077875137] 2018-08-27 07:51:27,822 - INFO - launcher: Ensuring we're in the right environment
[195.077180862] 2018-08-27 07:51:27,825 - INFO - launcher: Adding local bins/ folder to path
[2678.597211838] 2018-08-27 07:51:30,309 - INFO - launcher: Required checks passed.
[2679.576873779] 2018-08-27 07:51:30,310 - INFO - launcher: Optional checks passed.
[2679.576873779] 2018-08-27 07:51:30,310 - INFO - launcher: Moving old musicbot log

######################### PRE-RUN SANITY CHECKS PASSED #########################

[4.6890869140625000] 2018-08-27 07:51:32,319 - WARNING - musicbot.config | In config.py::MainThread(6716), line 113 in run_checks: i18n file does not exist. Trying to fallback to config/i18n/en.json.
[4.7070596218109131] 2018-08-27 07:51:32,337 - INFO - musicbot.config | In config.py::MainThread(6716), line 124 in run_checks: Using i18n: config/i18n/en.json
[4.7638776302337646] 2018-08-27 07:51:32,394 - DEBUG - musicbot.json | In json.py::MainThread(6716), line 8 in __init__: Init JSON obj with config/i18n/en.json
[4.8446164131164551] 2018-08-27 07:51:32,475 - DEBUG - musicbot.bot | In bot.py::MainThread(6716), line 223 in _setup_logging: Set logging level to INFO
[4.8446164131164551] 2018-08-27 07:51:32,475 - INFO - musicbot.bot | In bot.py::MainThread(6716), line 83 in __init__: Starting MusicBot 1.9.8-release
[4.8455839157104492] 2018-08-27 07:51:32,476 - INFO - musicbot.bot | In bot.py::MainThread(6716), line 89 in __init__: Loaded autoplaylist with 2531 entries
[15.2593047618865967] 2018-08-27 07:51:42,889 - DEBUG - musicbot.bot | In bot.py::MainThread(6716), line 913 in on_ready: Connection established, ready to go.
[15.2603261470794678] 2018-08-27 07:51:42,890 - DEBUG - musicbot.bot | In bot.py::MainThread(6716), line 334 in _cache_app_info: Caching app info
[16.8217086791992188] 2018-08-27 07:51:44,452 - DEBUG - musicbot.bot | In bot.py::MainThread(6716), line 735 in _scheck_ensure_env: Ensuring data folders exist
[16.9216089248657227] 2018-08-27 07:51:44,552 - DEBUG - musicbot.bot | In bot.py::MainThread(6716), line 751 in _scheck_server_permissions: Checking server permissions
[16.9216089248657227] 2018-08-27 07:51:44,552 - DEBUG - musicbot.bot | In bot.py::MainThread(6716), line 755 in _scheck_autoplaylist: Auditing autoplaylist
[16.9216089248657227] 2018-08-27 07:51:44,552 - DEBUG - musicbot.bot | In bot.py::MainThread(6716), line 759 in _scheck_configs: Validating config
[16.9216089248657227] 2018-08-27 07:51:44,552 - DEBUG - musicbot.config | In config.py::MainThread(6716), line 213 in async_validate: Validating options...
[16.9225909709930420] 2018-08-27 07:51:44,553 - DEBUG - musicbot.bot | In bot.py::MainThread(6716), line 762 in _scheck_configs: Validating permissions config
[16.9225909709930420] 2018-08-27 07:51:44,553 - DEBUG - musicbot.permissions | In permissions.py::MainThread(6716), line 65 in async_validate: Validating permissions...
[16.9225909709930420] 2018-08-27 07:51:44,553 - INFO - musicbot.bot | In bot.py::MainThread(6716), line 930 in on_ready: Connected: 459430672034168832/Fuchzzia FM#9561
[16.9235908985137939] 2018-08-27 07:51:44,554 - INFO - musicbot.bot | In bot.py::MainThread(6716), line 938 in on_ready: Owner:     261951513725894656/Fuchzzia#7357

[16.9245898723602295] 2018-08-27 07:51:44,555 - INFO - musicbot.bot | In bot.py::MainThread(6716), line 941 in on_ready: Guild List:
[16.9245898723602295] 2018-08-27 07:51:44,555 - INFO - musicbot.bot | In bot.py::MainThread(6716), line 944 in on_ready:  - ✩ Fuchzzia’s Family
[16.9255912303924561] 2018-08-27 07:51:44,556 - INFO - musicbot.bot | In bot.py::MainThread(6716), line 944 in on_ready:  - Club Fuchsia
[16.9255912303924561] 2018-08-27 07:51:44,556 - INFO - musicbot.bot | In bot.py::MainThread(6716), line 944 in on_ready:  - fuch's lounge
[16.9265913963317871] 2018-08-27 07:51:44,557 - INFO - musicbot.bot | In bot.py::MainThread(6716), line 944 in on_ready:  - Bots
[16.9265913963317871] 2018-08-27 07:51:44,557 - INFO - musicbot.bot | In bot.py::MainThread(6716), line 944 in on_ready:  - █▀█ █▄█ ▀█▀
[16.9275903701782227] 2018-08-27 07:51:44,558 - INFO - musicbot.bot | In bot.py::MainThread(6716), line 977 in on_ready: Bound to text channels:
[16.9285910129547119] 2018-08-27 07:51:44,559 - INFO - musicbot.bot | In bot.py::MainThread(6716), line 978 in <listcomp>:  - Club Fuchsia/general
[16.9285910129547119] 2018-08-27 07:51:44,559 - INFO - musicbot.bot | In bot.py::MainThread(6716), line 978 in <listcomp>:  - ✩ Fuchzzia’s Family/music
[16.9295899868011475] 2018-08-27 07:51:44,560 - INFO - musicbot.bot | In bot.py::MainThread(6716), line 978 in <listcomp>:  - ✩ Fuchzzia’s Family/stream_song_player
[16.9295899868011475] 2018-08-27 07:51:44,560 - INFO - musicbot.bot | In bot.py::MainThread(6716), line 978 in <listcomp>:  - fuch's lounge/music
[16.9295899868011475] 2018-08-27 07:51:44,560 - INFO - musicbot.bot | In bot.py::MainThread(6716), line 1003 in on_ready: Autojoining voice chanels:
[16.9305911064147949] 2018-08-27 07:51:44,561 - INFO - musicbot.bot | In bot.py::MainThread(6716), line 1004 in <listcomp>:  - Club Fuchsia/General
[16.9316096305847168] 2018-08-27 07:51:44,562 - INFO - musicbot.bot | In bot.py::MainThread(6716), line 1004 in <listcomp>:  - ✩ Fuchzzia’s Family/Music Room
[16.9365906715393066] 2018-08-27 07:51:44,567 - INFO - musicbot.bot | In bot.py::MainThread(6716), line 1004 in <listcomp>:  - ✩ Fuchzzia’s Family/Stream
[16.9375915527343750] 2018-08-27 07:51:44,568 - INFO - musicbot.bot | In bot.py::MainThread(6716), line 1004 in <listcomp>:  - fuch's lounge/🎵 Music Lounge 🎵
[16.9395902156829834] 2018-08-27 07:51:44,570 - INFO - musicbot.bot | In bot.py::MainThread(6716), line 276 in _join_startup_channels: Attempting to join Club Fuchsia/General
[23.8654508590698242] 2018-08-27 07:51:51,495 - INFO - musicbot.bot | In bot.py::MainThread(6716), line 292 in _join_startup_channels: Joined Club Fuchsia/General
[23.8664531707763672] 2018-08-27 07:51:51,496 - INFO - musicbot.bot | In bot.py::MainThread(6716), line 276 in _join_startup_channels: Attempting to join ✩ Fuchzzia’s Family/Stream
[23.8685331344604492] 2018-08-27 07:51:51,499 - DEBUG - musicbot.bot | In bot.py::MainThread(6716), line 505 in on_player_stop: Running on_player_stop
[24.4119269847869873] 2018-08-27 07:51:52,042 - INFO - musicbot.bot | In bot.py::MainThread(6716), line 292 in _join_startup_channels: Joined ✩ Fuchzzia’s Family/Stream
[24.4139277935028076] 2018-08-27 07:51:52,044 - INFO - musicbot.bot | In bot.py::MainThread(6716), line 276 in _join_startup_channels: Attempting to join fuch's lounge/🎵 Music Lounge 🎵
[24.4159276485443115] 2018-08-27 07:51:52,046 - DEBUG - musicbot.bot | In bot.py::MainThread(6716), line 505 in on_player_stop: Running on_player_stop
[24.8164243698120117] 2018-08-27 07:51:52,446 - INFO - musicbot.bot | In bot.py::MainThread(6716), line 292 in _join_startup_channels: Joined fuch's lounge/🎵 Music Lounge 🎵
[24.8184239864349365] 2018-08-27 07:51:52,448 - WARNING - musicbot.bot | In bot.py::MainThread(6716), line 1057 in on_ready: Your config file is missing some options. If you have recently updated, check the example_options.ini file to see if there are new options available to you. The options missing are: {'legacyskip'}
[24.8234238624572754] 2018-08-27 07:51:52,453 - DEBUG - musicbot.bot | In bot.py::MainThread(6716), line 505 in on_player_stop: Running on_player_stop
[46.3256156444549561] 2018-08-27 07:52:13,956 - INFO - musicbot.bot | In bot.py::MainThread(6716), line 2598 in on_message: 261951513725894656/Fuchzzia#7357: sr!play Monophobia deadmau5
[47.8350868225097656] 2018-08-27 07:52:15,465 - DEBUG - musicbot.bot | In bot.py::MainThread(6716), line 1351 in cmd_play: {'_type': 'url', 'url': 'ytsearch:Monophobia deadmau5', 'ie_key': None, 'extractor': 'generic', 'webpage_url': 'Monophobia deadmau5', 'webpage_url_basename': 'Monophobia deadmau5', 'extractor_key': 'Generic'}
[54.2586808204650879] 2018-08-27 07:52:21,889 - DEBUG - musicbot.entry | In entry.py::MainThread(6716), line 56 in get_ready_future: Created future for None
[54.2625994682312012] 2018-08-27 07:52:21,893 - DEBUG - musicbot.bot | In bot.py::MainThread(6716), line 586 in on_player_entry_added: Running on_player_entry_added
[54.2635993957519531] 2018-08-27 07:52:21,894 - DEBUG - musicbot.bot | In bot.py::MainThread(6716), line 671 in serialize_queue: Serializing queue for 455459534698184718
[54.3597111701965332] 2018-08-27 07:52:21,990 - INFO - musicbot.entry | In entry.py::MainThread(6716), line 285 in _really_download: Download started: https://www.youtube.com/watch?v=UG3sfZKtCQI
[56.2646961212158203] 2018-08-27 07:52:23,895 - DEBUG - musicbot.entry | In entry.py::MainThread(6716), line 56 in get_ready_future: Created future for None
[66.4103140830993652] 2018-08-27 07:52:34,040 - INFO - musicbot.entry | In entry.py::MainThread(6716), line 295 in _really_download: Download complete: https://www.youtube.com/watch?v=UG3sfZKtCQI
[66.4162995815277100] 2018-08-27 07:52:34,046 - FFMPEG - musicbot.player | In player.py::MainThread(6716), line 276 in _play: Creating player with options: -nostdin -vn audio_cache\youtube-UG3sfZKtCQI-deadmau5_-_Monophobia_feat._Rob_Swire_Official_Video.webm
[67.2661347389221191] 2018-08-27 07:52:34,896 - DEBUG - musicbot.player | In player.py::MainThread(6716), line 287 in _play: Playing <discord.player.PCMVolumeTransformer object at 0x056B7A30> using <discord.voice_client.VoiceClient object at 0x056B7AB0>
[67.2701354026794434] 2018-08-27 07:52:34,900 - DEBUG - musicbot.bot | In bot.py::MainThread(6716), line 452 in on_player_play: Running on_player_play
[67.2711358070373535] 2018-08-27 07:52:34,901 - DEBUG - musicbot.bot | In bot.py::MainThread(6716), line 671 in serialize_queue: Serializing queue for 455459534698184718
[67.2751350402832031] 2018-08-27 07:52:34,905 - DEBUG - musicbot.bot | In bot.py::MainThread(6716), line 714 in write_current_song: Writing current song for 455459534698184718
[287.5951788425445557] 2018-08-27 07:56:15,225 - DEBUG - musicbot.bot | In bot.py::MainThread(6716), line 509 in on_player_finished_playing: Running on_player_finished_playing
[287.5961253643035889] 2018-08-27 07:56:15,226 - DEBUG - musicbot.bot | In bot.py::MainThread(6716), line 671 in serialize_queue: Serializing queue for 455459534698184718
[287.5971236228942871] 2018-08-27 07:56:15,227 - DEBUG - musicbot.bot | In bot.py::MainThread(6716), line 505 in on_player_stop: Running on_player_stop
[8801.4644472599029541] 2018-08-27 10:18:09,094 - INFO - musicbot.bot | In bot.py::MainThread(6716), line 904 in on_resumed: 
Reconnected to discord.

